<?xml version="1.0" encoding="utf-8"?><testsuites name="pytest tests"><testsuite name="pytest" errors="0" failures="0" skipped="0" tests="18" time="5.348" timestamp="2026-06-19T18:04:07.940508+00:00" hostname="agent-env-1f7de1f2-b74a-4bb2-84e8-8f814b028e69"><testcase classname="backend.tests.test_challenges.TestCreateChallenge" name="test_create_solo_active" time="0.584" /><testcase classname="backend.tests.test_challenges.TestCreateChallenge" name="test_create_with_friend_invite" time="0.674" /><testcase classname="backend.tests.test_challenges.TestCreateChallenge" name="test_create_with_non_friend_400" time="0.439" /><testcase classname="backend.tests.test_challenges.TestCreateChallenge" name="test_create_validation[bad0]" time="0.094" /><testcase classname="backend.tests.test_challenges.TestCreateChallenge" name="test_create_validation[bad1]" time="0.097" /><testcase classname="backend.tests.test_challenges.TestCreateChallenge" name="test_create_validation[bad2]" time="0.093" /><testcase classname="backend.tests.test_challenges.TestCreateChallenge" name="test_create_validation[bad3]" time="0.116" /><testcase classname="backend.tests.test_challenges.TestListChallenges" name="test_list_active_includes_created" time="0.256" /><testcase classname="backend.tests.test_challenges.TestListChallenges" name="test_invitee_sees_in_invited_tab" time="0.231" /><testcase classname="backend.tests.test_challenges.TestDetail" name="test_detail_as_creator" time="0.217" /><testcase classname="backend.tests.test_challenges.TestDetail" name="test_detail_non_participant_403" time="0.221" /><testcase classname="backend.tests.test_challenges.TestLifecycle" name="test_accept_moves_invitee_to_participants" time="0.308" /><testcase classname="backend.tests.test_challenges.TestLifecycle" name="test_decline" time="0.315" /><testcase classname="backend.tests.test_challenges.TestLifecycle" name="test_leave_creator_400" time="0.245" /><testcase classname="backend.tests.test_challenges.TestLifecycle" name="test_leave_participant_ok" time="0.307" /><testcase classname="backend.tests.test_challenges.TestLifecycle" name="test_cancel_only_creator" time="0.432" /><testcase classname="backend.tests.test_challenges" name="test_progress_workouts_metric_counts_completed_sessions" time="0.318" /><testcase classname="backend.tests.test_challenges" name="test_lazy_resolve_when_end_at_past" time="0.254" /></testsuite></testsuites>