<?xml version="1.0" encoding="utf-8"?><testsuites name="pytest tests"><testsuite name="pytest" errors="0" failures="0" skipped="0" tests="10" time="4.603" timestamp="2026-07-08T20:57:17.106099+00:00" hostname="agent-env-1f7de1f2-b74a-4bb2-84e8-8f814b028e69"><testcase classname="backend.tests.test_email_verification.TestRegister" name="test_register_returns_no_token_and_creates_unverified_user" time="0.457" /><testcase classname="backend.tests.test_email_verification.TestLoginUnverified" name="test_login_unverified_returns_403" time="0.755" /><testcase classname="backend.tests.test_email_verification.TestVerifyEmail" name="test_invalid_token_returns_404" time="0.133" /><testcase classname="backend.tests.test_email_verification.TestVerifyEmail" name="test_too_short_token_returns_400" time="0.106" /><testcase classname="backend.tests.test_email_verification.TestVerifyEmail" name="test_verify_valid_token_then_reuse" time="1.027" /><testcase classname="backend.tests.test_email_verification.TestVerifyEmail" name="test_expired_token_returns_410" time="0.457" /><testcase classname="backend.tests.test_email_verification.TestResend" name="test_resend_nonexistent_email_returns_generic_ok" time="0.138" /><testcase classname="backend.tests.test_email_verification.TestResend" name="test_resend_verified_email" time="0.550" /><testcase classname="backend.tests.test_email_verification.TestResend" name="test_resend_cooldown_429" time="0.449" /><testcase classname="backend.tests.test_email_verification.TestGrandfathering" name="test_admin_login_works" time="0.349" /></testsuite></testsuites>