<?xml version="1.0" encoding="utf-8"?><testsuites name="pytest tests"><testsuite name="pytest" errors="0" failures="0" skipped="0" tests="16" time="22.215" timestamp="2026-07-08T22:22:09.331045+00:00" hostname="agent-env-1f7de1f2-b74a-4bb2-84e8-8f814b028e69"><testcase classname="tests.test_email_verification_flag.TestFlagFalse" name="test_00_ensure_flag_false" time="4.290" /><testcase classname="tests.test_email_verification_flag.TestFlagFalse" name="test_01_auth_config_shows_false" time="0.437" /><testcase classname="tests.test_email_verification_flag.TestFlagFalse" name="test_02_auth_config_non_admin_forbidden" time="0.452" /><testcase classname="tests.test_email_verification_flag.TestFlagFalse" name="test_03_register_returns_token_directly" time="0.343" /><testcase classname="tests.test_email_verification_flag.TestFlagFalse" name="test_04_login_succeeds_no_403" time="0.678" /><testcase classname="tests.test_email_verification_flag.TestFlagFalse" name="test_05_admin_verify_user_ok" time="0.447" /><testcase classname="tests.test_email_verification_flag.TestFlagFalse" name="test_06_admin_verify_user_not_found" time="0.101" /><testcase classname="tests.test_email_verification_flag.TestFlagFalse" name="test_07_admin_verify_user_bad_email" time="0.095" /><testcase classname="tests.test_email_verification_flag.TestFlagTrue" name="test_10_toggle_flag_true" time="4.059" /><testcase classname="tests.test_email_verification_flag.TestFlagTrue" name="test_11_auth_config_shows_true" time="0.106" /><testcase classname="tests.test_email_verification_flag.TestFlagTrue" name="test_12_register_requires_verification" time="0.337" /><testcase classname="tests.test_email_verification_flag.TestFlagTrue" name="test_13_login_blocked_403" time="0.688" /><testcase classname="tests.test_email_verification_flag.TestFlagTrue" name="test_14_verify_email_get_endpoint_regression" time="0.761" /><testcase classname="tests.test_email_verification_flag.TestFlagTrue" name="test_15_admin_login_still_works_flag_true" time="0.328" /><testcase classname="tests.test_email_verification_flag.TestRestore" name="test_20_restore_flag_false" time="4.368" /><testcase classname="tests.test_email_verification_flag.TestRestore" name="test_21_auth_config_restored" time="4.589" /></testsuite></testsuites>