<?xml version="1.0" encoding="utf-8"?><testsuites name="pytest tests"><testsuite name="pytest" errors="0" failures="0" skipped="0" tests="21" time="75.326" timestamp="2026-07-04T00:45:19.841493+00:00" hostname="agent-env-1f7de1f2-b74a-4bb2-84e8-8f814b028e69"><testcase classname="tests.test_plan_adjust_bugfix" name="test_admin_login" time="0.347" /><testcase classname="tests.test_plan_adjust_bugfix" name="test_stale_orphaned_job_marked_error" time="0.004" /><testcase classname="tests.test_plan_adjust_bugfix" name="test_plans_current_version_ge_3" time="0.139" /><testcase classname="tests.test_plan_adjust_bugfix" name="test_plan_adjust_status_response" time="0.102" /><testcase classname="tests.test_plan_adjust_bugfix" name="test_adjust_start_dedup_returns_same_job" time="0.235" /><testcase classname="tests.test_plan_adjust_bugfix" name="test_adjust_job_completes_and_bumps_version" time="38.493" /><testcase classname="tests.test_plan_adjust_status" name="test_status_no_plan_for_new_user" time="0.294" /><testcase classname="tests.test_plan_adjust_status" name="test_status_returns_required_fields_with_plan" time="0.342" /><testcase classname="tests.test_plan_adjust_status" name="test_status_cooldown_when_recent_adjust" time="0.349" /><testcase classname="tests.test_plan_adjust_status" name="test_status_needs_sessions_when_incomplete_cycle" time="0.387" /><testcase classname="tests.test_plan_adjust_llm_errors" name="test_version_suffix_regex[Muscle Plan v2-Muscle Plan]" time="0.000" /><testcase classname="tests.test_plan_adjust_llm_errors" name="test_version_suffix_regex[Muscle Plan V 3-Muscle Plan]" time="0.000" /><testcase classname="tests.test_plan_adjust_llm_errors" name="test_version_suffix_regex[Muscle Plan-Muscle Plan]" time="0.000" /><testcase classname="tests.test_plan_adjust_llm_errors" name="test_version_suffix_regex[Muscle Plan v2 -Muscle Plan]" time="0.000" /><testcase classname="tests.test_plan_adjust_llm_errors" name="test_version_suffix_regex[Progressiver 4-Tage Muskelaufbau Plan v10-Progressiver 4-Tage Muskelaufbau Plan]" time="0.000" /><testcase classname="tests.test_plan_adjust_llm_errors" name="test_version_suffix_regex[Alpha Plan V99-Alpha Plan]" time="0.000" /><testcase classname="tests.test_plan_adjust_llm_errors" name="test_version_suffix_regex[  -Alpha Plan]" time="0.000" /><testcase classname="tests.test_plan_adjust_llm_errors" name="test_version_suffix_regex[Push Pull Legs-Push Pull Legs]" time="0.000" /><testcase classname="tests.test_plan_adjust_llm_errors" name="test_llm_rate_limit_produces_budget_error" time="0.043" /><testcase classname="tests.test_plan_adjust_llm_errors" name="test_llm_malformed_response_produces_unlesbar_error" time="0.003" /><testcase classname="tests.test_plan_adjust_llm_errors" name="test_real_adjust_bumps_version_and_strips_stray_v_suffix" time="32.373" /></testsuite></testsuites>