<?xml version="1.0" encoding="utf-8"?><testsuites name="pytest tests"><testsuite name="pytest" errors="0" failures="0" skipped="0" tests="8" time="1.681" timestamp="2026-07-05T00:21:50.273633+00:00" hostname="agent-env-1f7de1f2-b74a-4bb2-84e8-8f814b028e69"><testcase classname="backend.tests.test_training_days" name="test_get_default_training_days" time="0.576" /><testcase classname="backend.tests.test_training_days" name="test_put_and_get_custom_days" time="0.223" /><testcase classname="backend.tests.test_training_days" name="test_put_restores_default_looking" time="0.134" /><testcase classname="backend.tests.test_training_days" name="test_put_empty_list_returns_400" time="0.139" /><testcase classname="backend.tests.test_training_days" name="test_put_invalid_ints_dropped" time="0.136" /><testcase classname="backend.tests.test_training_days" name="test_put_all_invalid_returns_400" time="0.097" /><testcase classname="backend.tests.test_training_days" name="test_put_deduplicates" time="0.099" /><testcase classname="backend.tests.test_training_days" name="test_unauthenticated_returns_401" time="0.140" /></testsuite></testsuites>