<?xml version="1.0" encoding="utf-8"?><testsuites name="pytest tests"><testsuite name="pytest" errors="0" failures="0" skipped="0" tests="37" time="64.388" timestamp="2026-07-05T00:22:05.105602+00:00" hostname="agent-env-1f7de1f2-b74a-4bb2-84e8-8f814b028e69"><testcase classname="backend.tests.test_plan_adjust_bugfix" name="test_admin_login" time="0.346" /><testcase classname="backend.tests.test_plan_adjust_bugfix" name="test_stale_orphaned_job_marked_error" time="0.004" /><testcase classname="backend.tests.test_plan_adjust_bugfix" name="test_plans_current_version_ge_3" time="0.095" /><testcase classname="backend.tests.test_plan_adjust_bugfix" name="test_plan_adjust_status_response" time="0.110" /><testcase classname="backend.tests.test_plan_adjust_bugfix" name="test_adjust_start_dedup_returns_same_job" time="0.753" /><testcase classname="backend.tests.test_plan_adjust_bugfix" name="test_adjust_job_completes_and_bumps_version" time="27.879" /><testcase classname="backend.tests.test_plan_adjust_llm_errors" name="test_version_suffix_regex[Muscle Plan v2-Muscle Plan]" time="0.000" /><testcase classname="backend.tests.test_plan_adjust_llm_errors" name="test_version_suffix_regex[Muscle Plan V 3-Muscle Plan]" time="0.000" /><testcase classname="backend.tests.test_plan_adjust_llm_errors" name="test_version_suffix_regex[Muscle Plan-Muscle Plan]" time="0.000" /><testcase classname="backend.tests.test_plan_adjust_llm_errors" name="test_version_suffix_regex[Muscle Plan v2 -Muscle Plan]" time="0.000" /><testcase classname="backend.tests.test_plan_adjust_llm_errors" name="test_version_suffix_regex[Progressiver 4-Tage Muskelaufbau Plan v10-Progressiver 4-Tage Muskelaufbau Plan]" time="0.000" /><testcase classname="backend.tests.test_plan_adjust_llm_errors" name="test_version_suffix_regex[Alpha Plan V99-Alpha Plan]" time="0.000" /><testcase classname="backend.tests.test_plan_adjust_llm_errors" name="test_version_suffix_regex[  -Alpha Plan]" time="0.000" /><testcase classname="backend.tests.test_plan_adjust_llm_errors" name="test_version_suffix_regex[Push Pull Legs-Push Pull Legs]" time="0.000" /><testcase classname="backend.tests.test_plan_adjust_llm_errors" name="test_llm_rate_limit_produces_budget_error" time="0.012" /><testcase classname="backend.tests.test_plan_adjust_llm_errors" name="test_llm_malformed_response_produces_unlesbar_error" time="0.002" /><testcase classname="backend.tests.test_plan_adjust_llm_errors" name="test_real_adjust_bumps_version_and_strips_stray_v_suffix" time="28.184" /><testcase classname="backend.tests.test_auto_adjust_stale_sweep" name="test_stale_pending_job_swept_and_new_job_spawned" time="0.019" /><testcase classname="backend.tests.test_auto_adjust_stale_sweep" name="test_fresh_pending_job_preserved_idempotent" time="0.010" /><testcase classname="backend.tests.test_challenges.TestCreateChallenge" name="test_create_solo_active" time="0.584" /><testcase classname="backend.tests.test_challenges.TestCreateChallenge" name="test_create_with_friend_invite" time="0.657" /><testcase classname="backend.tests.test_challenges.TestCreateChallenge" name="test_create_with_non_friend_400" time="0.459" /><testcase classname="backend.tests.test_challenges.TestCreateChallenge" name="test_create_validation[bad0]" time="0.096" /><testcase classname="backend.tests.test_challenges.TestCreateChallenge" name="test_create_validation[bad1]" time="0.100" /><testcase classname="backend.tests.test_challenges.TestCreateChallenge" name="test_create_validation[bad2]" time="0.102" /><testcase classname="backend.tests.test_challenges.TestCreateChallenge" name="test_create_validation[bad3]" time="0.095" /><testcase classname="backend.tests.test_challenges.TestListChallenges" name="test_list_active_includes_created" time="0.316" /><testcase classname="backend.tests.test_challenges.TestListChallenges" name="test_invitee_sees_in_invited_tab" time="0.206" /><testcase classname="backend.tests.test_challenges.TestDetail" name="test_detail_as_creator" time="0.246" /><testcase classname="backend.tests.test_challenges.TestDetail" name="test_detail_non_participant_403" time="0.201" /><testcase classname="backend.tests.test_challenges.TestLifecycle" name="test_accept_moves_invitee_to_participants" time="0.309" /><testcase classname="backend.tests.test_challenges.TestLifecycle" name="test_decline" time="0.311" /><testcase classname="backend.tests.test_challenges.TestLifecycle" name="test_leave_creator_400" time="0.200" /><testcase classname="backend.tests.test_challenges.TestLifecycle" name="test_leave_participant_ok" time="0.301" /><testcase classname="backend.tests.test_challenges.TestLifecycle" name="test_cancel_only_creator" time="0.405" /><testcase classname="backend.tests.test_challenges" name="test_progress_workouts_metric_counts_completed_sessions" time="0.307" /><testcase classname="backend.tests.test_challenges" name="test_lazy_resolve_when_end_at_past" time="0.229" /></testsuite></testsuites>