<?xml version="1.0" encoding="utf-8"?><testsuites name="pytest tests"><testsuite name="pytest" errors="0" failures="0" skipped="0" tests="23" time="51.818" timestamp="2026-07-04T00:59:20.029752+00:00" hostname="agent-env-1f7de1f2-b74a-4bb2-84e8-8f814b028e69"><testcase classname="tests.test_plan_adjust_bugfix" name="test_admin_login" time="0.362" /><testcase classname="tests.test_plan_adjust_bugfix" name="test_stale_orphaned_job_marked_error" time="0.004" /><testcase classname="tests.test_plan_adjust_bugfix" name="test_plans_current_version_ge_3" time="0.131" /><testcase classname="tests.test_plan_adjust_bugfix" name="test_plan_adjust_status_response" time="0.103" /><testcase classname="tests.test_plan_adjust_bugfix" name="test_adjust_start_dedup_returns_same_job" time="0.300" /><testcase classname="tests.test_plan_adjust_bugfix" name="test_adjust_job_completes_and_bumps_version" time="19.387" /><testcase classname="tests.test_plan_adjust_llm_errors" name="test_version_suffix_regex[Muscle Plan v2-Muscle Plan]" time="0.000" /><testcase classname="tests.test_plan_adjust_llm_errors" name="test_version_suffix_regex[Muscle Plan V 3-Muscle Plan]" time="0.000" /><testcase classname="tests.test_plan_adjust_llm_errors" name="test_version_suffix_regex[Muscle Plan-Muscle Plan]" time="0.000" /><testcase classname="tests.test_plan_adjust_llm_errors" name="test_version_suffix_regex[Muscle Plan v2 -Muscle Plan]" time="0.000" /><testcase classname="tests.test_plan_adjust_llm_errors" name="test_version_suffix_regex[Progressiver 4-Tage Muskelaufbau Plan v10-Progressiver 4-Tage Muskelaufbau Plan]" time="0.000" /><testcase classname="tests.test_plan_adjust_llm_errors" name="test_version_suffix_regex[Alpha Plan V99-Alpha Plan]" time="0.000" /><testcase classname="tests.test_plan_adjust_llm_errors" name="test_version_suffix_regex[  -Alpha Plan]" time="0.000" /><testcase classname="tests.test_plan_adjust_llm_errors" name="test_version_suffix_regex[Push Pull Legs-Push Pull Legs]" time="0.000" /><testcase classname="tests.test_plan_adjust_llm_errors" name="test_llm_rate_limit_produces_budget_error" time="0.010" /><testcase classname="tests.test_plan_adjust_llm_errors" name="test_llm_malformed_response_produces_unlesbar_error" time="0.003" /><testcase classname="tests.test_plan_adjust_llm_errors" name="test_real_adjust_bumps_version_and_strips_stray_v_suffix" time="28.086" /><testcase classname="tests.test_plan_adjust_status" name="test_status_no_plan_for_new_user" time="0.293" /><testcase classname="tests.test_plan_adjust_status" name="test_status_returns_required_fields_with_plan" time="0.397" /><testcase classname="tests.test_plan_adjust_status" name="test_status_cooldown_when_recent_adjust" time="0.355" /><testcase classname="tests.test_plan_adjust_status" name="test_status_needs_sessions_when_incomplete_cycle" time="0.346" /><testcase classname="tests.test_auto_adjust_stale_sweep" name="test_stale_pending_job_swept_and_new_job_spawned" time="0.017" /><testcase classname="tests.test_auto_adjust_stale_sweep" name="test_fresh_pending_job_preserved_idempotent" time="0.040" /></testsuite></testsuites>