<?xml version="1.0" encoding="utf-8"?><testsuites name="pytest tests"><testsuite name="pytest" errors="0" failures="0" skipped="0" tests="18" time="7.242" timestamp="2026-07-08T21:51:36.055339+00:00" hostname="agent-env-1f7de1f2-b74a-4bb2-84e8-8f814b028e69"><testcase classname="backend.tests.test_email_diagnostics.TestAuth" name="test_no_token_returns_401_or_403" time="0.262" /><testcase classname="backend.tests.test_email_diagnostics.TestAuth" name="test_non_admin_forbidden" time="0.847" /><testcase classname="backend.tests.test_email_diagnostics.TestDiagnosticsGET" name="test_returns_expected_keys" time="0.489" /><testcase classname="backend.tests.test_email_diagnostics.TestDiagnosticsGET" name="test_filter_by_email" time="0.103" /><testcase classname="backend.tests.test_email_diagnostics.TestEmailTestPOST" name="test_invalid_email_400" time="0.103" /><testcase classname="backend.tests.test_email_diagnostics.TestEmailTestPOST" name="test_empty_email_400" time="0.167" /><testcase classname="backend.tests.test_email_diagnostics.TestEmailTestPOST" name="test_send_test_email_returns_diagnostic" time="0.293" /><testcase classname="backend.tests.test_email_diagnostics.TestRegistrationWritesRaw" name="test_register_creates_email_log_raw" time="0.626" /><testcase classname="backend.tests.test_email_verification.TestRegister" name="test_register_returns_no_token_and_creates_unverified_user" time="0.325" /><testcase classname="backend.tests.test_email_verification.TestLoginUnverified" name="test_login_unverified_returns_403" time="0.650" /><testcase classname="backend.tests.test_email_verification.TestVerifyEmail" name="test_invalid_token_returns_404" time="0.117" /><testcase classname="backend.tests.test_email_verification.TestVerifyEmail" name="test_too_short_token_returns_400" time="0.150" /><testcase classname="backend.tests.test_email_verification.TestVerifyEmail" name="test_verify_valid_token_then_reuse" time="0.976" /><testcase classname="backend.tests.test_email_verification.TestVerifyEmail" name="test_expired_token_returns_410" time="0.510" /><testcase classname="backend.tests.test_email_verification.TestResend" name="test_resend_nonexistent_email_returns_generic_ok" time="0.119" /><testcase classname="backend.tests.test_email_verification.TestResend" name="test_resend_verified_email" time="0.549" /><testcase classname="backend.tests.test_email_verification.TestResend" name="test_resend_cooldown_429" time="0.435" /><testcase classname="backend.tests.test_email_verification.TestGrandfathering" name="test_admin_login_works" time="0.344" /></testsuite></testsuites>