<?xml version="1.0" encoding="utf-8"?><testsuites name="pytest tests"><testsuite name="pytest" errors="0" failures="0" skipped="0" tests="35" time="6.414" timestamp="2026-06-19T09:57:12.465783+00:00" hostname="agent-env-1f7de1f2-b74a-4bb2-84e8-8f814b028e69"><testcase classname="backend.tests.test_iter9_regression.TestAuth" name="test_login_admin_ok" time="0.376" /><testcase classname="backend.tests.test_iter9_regression.TestAuth" name="test_login_wrong_password" time="0.341" /><testcase classname="backend.tests.test_iter9_regression.TestAuth" name="test_auth_me_returns_premium" time="0.100" /><testcase classname="backend.tests.test_iter9_regression.TestAuth" name="test_auth_me_no_token_401" time="0.089" /><testcase classname="backend.tests.test_iter9_regression.TestAuth" name="test_auth_me_bad_token_401" time="0.112" /><testcase classname="backend.tests.test_iter9_regression.TestAuth" name="test_heartbeat_ok" time="0.090" /><testcase classname="backend.tests.test_iter9_regression.TestAuth" name="test_heartbeat_no_auth_401" time="0.098" /><testcase classname="backend.tests.test_iter9_regression.TestPlan" name="test_get_current_plan" time="0.116" /><testcase classname="backend.tests.test_iter9_regression.TestPlan" name="test_exercise_suggestions" time="0.099" /><testcase classname="backend.tests.test_iter9_regression.TestPlan" name="test_edit_plan_bumps_version_and_source" time="0.194" /><testcase classname="backend.tests.test_iter9_regression.TestPlan" name="test_edit_plan_validation_empty_days" time="0.089" /><testcase classname="backend.tests.test_iter9_regression.TestSessions" name="test_start_session" time="0.089" /><testcase classname="backend.tests.test_iter9_regression.TestNotifications" name="test_prefs_get" time="0.094" /><testcase classname="backend.tests.test_iter9_regression.TestNotifications" name="test_prefs_put_roundtrip" time="0.301" /><testcase classname="backend.tests.test_iter9_regression.TestNotifications" name="test_notifications_settings_get" time="0.101" /><testcase classname="backend.tests.test_iter9_regression.TestEmails" name="test_email_template[welcome]" time="0.409" /><testcase classname="backend.tests.test_iter9_regression.TestEmails" name="test_email_template[payment_success]" time="0.279" /><testcase classname="backend.tests.test_iter9_regression.TestEmails" name="test_email_template[trial_ending]" time="0.273" /><testcase classname="backend.tests.test_iter9_regression.TestEmails" name="test_email_template[streak_reminder]" time="0.273" /><testcase classname="backend.tests.test_iter9_regression.TestEmails" name="test_email_template[weekly_summary]" time="0.282" /><testcase classname="backend.tests.test_iter9_regression.TestEmails" name="test_email_template[winback]" time="0.264" /><testcase classname="backend.tests.test_iter9_regression.TestAdmin" name="test_admin_stats" time="0.093" /><testcase classname="backend.tests.test_iter9_regression.TestAdmin" name="test_admin_members" time="0.096" /><testcase classname="backend.tests.test_iter9_regression.TestAdmin" name="test_non_admin_blocked" time="0.425" /><testcase classname="backend.tests.test_iter9_regression.TestPremiumGates" name="test_bodyscan_history_admin_ok" time="0.107" /><testcase classname="backend.tests.test_iter9_regression.TestPremiumGates" name="test_formcheck_history_admin_ok" time="0.090" /><testcase classname="backend.tests.test_iter9_regression.TestPremiumGates" name="test_bodyscan_analyze_free_user_403" time="0.098" /><testcase classname="backend.tests.test_iter9_regression.TestPremiumGates" name="test_formcheck_analyze_free_user_403" time="0.093" /><testcase classname="backend.tests.test_iter9_regression.TestNutrition" name="test_nutrition_today" time="0.112" /><testcase classname="backend.tests.test_iter9_regression.TestNutrition" name="test_nutrition_history" time="0.093" /><testcase classname="backend.tests.test_iter9_regression.TestSupport" name="test_create_ticket" time="0.106" /><testcase classname="backend.tests.test_iter9_regression.TestSupport" name="test_my_tickets" time="0.097" /><testcase classname="backend.tests.test_iter9_regression.TestCoach" name="test_coach_insights" time="0.098" /><testcase classname="backend.tests.test_iter9_regression.TestPayments" name="test_create_checkout_monthly" time="0.635" /><testcase classname="backend.tests.test_iter9_regression.TestPush" name="test_push_subscription_get" time="0.093" /></testsuite></testsuites>