<?xml version="1.0" encoding="utf-8"?><testsuites name="pytest tests"><testsuite name="pytest" errors="0" failures="0" skipped="1" tests="18" time="3.164" timestamp="2026-06-19T18:13:45.084962+00:00" hostname="agent-env-1f7de1f2-b74a-4bb2-84e8-8f814b028e69"><testcase classname="backend.tests.test_leaderboard_phaseC.TestLeaderboardDefaults" name="test_defaults_no_params" time="0.567" /><testcase classname="backend.tests.test_leaderboard_phaseC.TestWorkouts" name="test_workouts_friends_30d" time="0.201" /><testcase classname="backend.tests.test_leaderboard_phaseC.TestWorkouts" name="test_workouts_global_7d_vs_all_period_filters" time="0.205" /><testcase classname="backend.tests.test_leaderboard_phaseC.TestWorkouts" name="test_workouts_global_all" time="0.101" /><testcase classname="backend.tests.test_leaderboard_phaseC.TestVolume" name="test_volume_global_30d_shape" time="0.115" /><testcase classname="backend.tests.test_leaderboard_phaseC.TestVolume" name="test_volume_aggregation_matches_manual" time="0.198"><skipped type="pytest.skip" message="/api/sessions not available">/app/backend/tests/test_leaderboard_phaseC.py:125: /api/sessions not available</skipped></testcase><testcase classname="backend.tests.test_leaderboard_phaseC.TestStreak" name="test_streak_friends_ignores_period" time="0.198" /><testcase classname="backend.tests.test_leaderboard_phaseC.TestStreak" name="test_streak_global" time="0.113" /><testcase classname="backend.tests.test_leaderboard_phaseC.TestYouContract" name="test_you_always_present_workouts" time="0.095" /><testcase classname="backend.tests.test_leaderboard_phaseC.TestYouContract" name="test_you_always_present_volume" time="0.125" /><testcase classname="backend.tests.test_leaderboard_phaseC.TestYouContract" name="test_you_always_present_streak" time="0.101" /><testcase classname="backend.tests.test_leaderboard_phaseC.TestValidation" name="test_invalid_metric" time="0.137" /><testcase classname="backend.tests.test_leaderboard_phaseC.TestValidation" name="test_invalid_period" time="0.107" /><testcase classname="backend.tests.test_leaderboard_phaseC.TestValidation" name="test_invalid_scope" time="0.101" /><testcase classname="backend.tests.test_leaderboard_phaseC.TestValidation" name="test_limit_zero" time="0.103" /><testcase classname="backend.tests.test_leaderboard_phaseC.TestValidation" name="test_limit_too_high" time="0.092" /><testcase classname="backend.tests.test_leaderboard_phaseC.TestValidation" name="test_no_auth" time="0.115" /><testcase classname="backend.tests.test_leaderboard_phaseC.TestFriendsEmpty" name="test_no_friends_user_self_in_rows" time="0.424" /></testsuite></testsuites>