<?xml version="1.0" encoding="utf-8"?><testsuites name="pytest tests"><testsuite name="pytest" errors="0" failures="0" skipped="0" tests="5" time="1.813" timestamp="2026-07-12T23:23:47.967223+00:00" hostname="agent-env-1f7de1f2-b74a-4bb2-84e8-8f814b028e69"><testcase classname="backend.tests.test_muscle_groups" name="test_endpoint_structure" time="0.599" /><testcase classname="backend.tests.test_muscle_groups" name="test_weeks_param_clamp" time="0.548" /><testcase classname="backend.tests.test_muscle_groups" name="test_seed_session_counts_brust_and_beine" time="0.220" /><testcase classname="backend.tests.test_muscle_groups" name="test_percent_formula_with_two_sessions" time="0.107" /><testcase classname="backend.tests.test_muscle_groups" name="test_regression_other_endpoints" time="0.209" /></testsuite></testsuites>