<?xml version="1.0" encoding="utf-8"?><testsuites name="pytest tests"><testsuite name="pytest" errors="0" failures="0" skipped="0" tests="10" time="3.669" timestamp="2026-07-12T23:55:41.971812+00:00" hostname="agent-env-1f7de1f2-b74a-4bb2-84e8-8f814b028e69"><testcase classname="backend.tests.test_plan_history.TestPlanHistoryList" name="test_list_returns_200" time="0.557" /><testcase classname="backend.tests.test_plan_history.TestPlanHistoryList" name="test_plan_entry_has_all_required_fields" time="0.098" /><testcase classname="backend.tests.test_plan_history.TestPlanHistoryList" name="test_exactly_one_is_current_matches_user" time="0.248" /><testcase classname="backend.tests.test_plan_history.TestPlanHistoryList" name="test_sorted_newest_first" time="0.114" /><testcase classname="backend.tests.test_plan_history.TestPlanHistoryList" name="test_limit_5" time="0.104" /><testcase classname="backend.tests.test_plan_history.TestPlanHistoryList" name="test_limit_1000_caps_at_100" time="0.121" /><testcase classname="backend.tests.test_plan_history.TestPlanRollback" name="test_rollback_unknown_id_returns_404" time="0.118" /><testcase classname="backend.tests.test_plan_history.TestPlanRollback" name="test_rollback_other_users_plan_returns_404" time="0.098" /><testcase classname="backend.tests.test_plan_history.TestPlanRollback" name="test_rollback_valid_plan_and_restore" time="0.441" /><testcase classname="backend.tests.test_plan_history.TestVariationInstruction" name="test_import_and_gate" time="1.630" /></testsuite></testsuites>