<?xml version="1.0" encoding="utf-8"?><testsuites name="pytest tests"><testsuite name="pytest" errors="0" failures="0" skipped="0" tests="6" time="20.420" timestamp="2026-07-04T00:22:50.185768+00:00" hostname="agent-env-1f7de1f2-b74a-4bb2-84e8-8f814b028e69"><testcase classname="backend.tests.test_plan_adjust_bugfix" name="test_admin_login" time="0.407" /><testcase classname="backend.tests.test_plan_adjust_bugfix" name="test_stale_orphaned_job_marked_error" time="0.083" /><testcase classname="backend.tests.test_plan_adjust_bugfix" name="test_plans_current_version_ge_3" time="0.101" /><testcase classname="backend.tests.test_plan_adjust_bugfix" name="test_plan_adjust_status_response" time="0.103" /><testcase classname="backend.tests.test_plan_adjust_bugfix" name="test_adjust_start_dedup_returns_same_job" time="0.294" /><testcase classname="backend.tests.test_plan_adjust_bugfix" name="test_adjust_job_completes_and_bumps_version" time="19.362" /></testsuite></testsuites>