<?xml version="1.0" encoding="utf-8"?><testsuites name="pytest tests"><testsuite name="pytest" errors="0" failures="0" skipped="0" tests="13" time="18.266" timestamp="2026-06-14T09:23:21.777622+00:00" hostname="agent-env-1f7de1f2-b74a-4bb2-84e8-8f814b028e69"><testcase classname="backend.tests.test_bodyscan" name="test_analyze_403_for_nonpremium" time="0.855" /><testcase classname="backend.tests.test_bodyscan" name="test_history_403_for_nonpremium" time="0.045" /><testcase classname="backend.tests.test_bodyscan" name="test_detail_403_for_nonpremium" time="0.044" /><testcase classname="backend.tests.test_bodyscan" name="test_delete_403_for_nonpremium" time="0.045" /><testcase classname="backend.tests.test_bodyscan" name="test_first_scan_schema" time="7.859" /><testcase classname="backend.tests.test_bodyscan" name="test_first_scan_delta_can_be_null_or_dict" time="0.000" /><testcase classname="backend.tests.test_bodyscan" name="test_second_scan_has_delta_vs_previous" time="8.682" /><testcase classname="backend.tests.test_bodyscan" name="test_history_returns_recent_scans" time="0.054" /><testcase classname="backend.tests.test_bodyscan" name="test_detail_returns_single_scan" time="0.046" /><testcase classname="backend.tests.test_bodyscan" name="test_detail_404_for_unknown" time="0.045" /><testcase classname="backend.tests.test_bodyscan" name="test_image_not_persisted_in_db" time="0.012" /><testcase classname="backend.tests.test_bodyscan" name="test_delete_scan" time="0.087" /><testcase classname="backend.tests.test_bodyscan" name="test_delete_first_scan_cleanup" time="0.356" /></testsuite></testsuites>