<?xml version="1.0" encoding="utf-8"?><testsuites name="pytest tests"><testsuite name="pytest" errors="0" failures="0" skipped="0" tests="24" time="37.551" timestamp="2026-06-14T02:37:22.351537+00:00" hostname="agent-env-1f7de1f2-b74a-4bb2-84e8-8f814b028e69"><testcase classname="backend.tests.backend_test.TestAuth" name="test_register_and_login" time="0.430" /><testcase classname="backend.tests.backend_test.TestAuth" name="test_me" time="0.049" /><testcase classname="backend.tests.backend_test.TestAuth" name="test_login_admin" time="0.274" /><testcase classname="backend.tests.backend_test.TestAuth" name="test_login_invalid" time="0.061" /><testcase classname="backend.tests.backend_test.TestAuth" name="test_me_no_token" time="0.049" /><testcase classname="backend.tests.backend_test.TestOnboardingAndPlan" name="test_onboarding_creates_plan" time="17.699" /><testcase classname="backend.tests.backend_test.TestOnboardingAndPlan" name="test_plans_current" time="0.060" /><testcase classname="backend.tests.backend_test.TestOnboardingAndPlan" name="test_me_after_onboarding" time="0.054" /><testcase classname="backend.tests.backend_test.TestSessions" name="test_start_session" time="0.060" /><testcase classname="backend.tests.backend_test.TestSessions" name="test_start_session_resume" time="0.058" /><testcase classname="backend.tests.backend_test.TestSessions" name="test_get_active" time="0.052" /><testcase classname="backend.tests.backend_test.TestSessions" name="test_log_set" time="0.073" /><testcase classname="backend.tests.backend_test.TestSessions" name="test_update_progress" time="0.055" /><testcase classname="backend.tests.backend_test.TestSessions" name="test_complete_session" time="0.061" /><testcase classname="backend.tests.backend_test.TestCoach" name="test_chat" time="1.907" /><testcase classname="backend.tests.backend_test.TestCoach" name="test_adjust_plan" time="15.119" /><testcase classname="backend.tests.backend_test.TestPayments" name="test_checkout" time="0.475" /><testcase classname="backend.tests.backend_test.TestPayments" name="test_checkout_invalid_plan" time="0.050" /><testcase classname="backend.tests.backend_test.TestPayments" name="test_payment_status" time="0.222" /><testcase classname="backend.tests.backend_test.TestAdmin" name="test_admin_stats" time="0.056" /><testcase classname="backend.tests.backend_test.TestAdmin" name="test_admin_members" time="0.050" /><testcase classname="backend.tests.backend_test.TestAdmin" name="test_admin_grant_revoke_premium" time="0.152" /><testcase classname="backend.tests.backend_test.TestAdmin" name="test_non_admin_forbidden" time="0.049" /><testcase classname="backend.tests.backend_test.TestAdmin" name="test_admin_delete_member" time="0.369" /></testsuite></testsuites>