<?xml version="1.0" encoding="utf-8"?><testsuites name="pytest tests"><testsuite name="pytest" errors="0" failures="0" skipped="0" tests="3" time="1.198" timestamp="2026-06-19T05:28:45.048733+00:00" hostname="agent-env-1f7de1f2-b74a-4bb2-84e8-8f814b028e69"><testcase classname="backend.tests.test_weight_trend.TestWeightTrend" name="test_requires_auth" time="0.245" /><testcase classname="backend.tests.test_weight_trend.TestWeightTrend" name="test_response_shape_for_user_without_scans" time="0.371" /><testcase classname="backend.tests.test_weight_trend.TestWeightTrend" name="test_admin_response_shape" time="0.406" /></testsuite></testsuites>