<?xml version="1.0" encoding="utf-8"?><testsuites name="pytest tests"><testsuite name="pytest" errors="0" failures="0" skipped="0" tests="26" time="5.194" timestamp="2026-06-19T09:20:14.023929+00:00" hostname="agent-env-1f7de1f2-b74a-4bb2-84e8-8f814b028e69"><testcase classname="backend.tests.test_iter8_features.TestExerciseSuggestions" name="test_returns_8_muscle_groups" time="0.575" /><testcase classname="backend.tests.test_iter8_features.TestPlanEditor" name="test_admin_has_current_plan" time="0.092" /><testcase classname="backend.tests.test_iter8_features.TestPlanEditor" name="test_edit_plan_bumps_version_and_source" time="0.327" /><testcase classname="backend.tests.test_iter8_features.TestPlanEditor" name="test_empty_days_returns_400" time="0.092" /><testcase classname="backend.tests.test_iter8_features.TestPlanEditor" name="test_day_with_no_exercises_returns_400" time="0.094" /><testcase classname="backend.tests.test_iter8_features.TestPlanEditor" name="test_exercise_without_name_returns_400" time="0.159" /><testcase classname="backend.tests.test_iter8_features.TestPlanEditor" name="test_eight_days_returns_400" time="0.093" /><testcase classname="backend.tests.test_iter8_features.TestPlanEditor" name="test_sixteen_exercises_returns_400" time="0.118" /><testcase classname="backend.tests.test_iter8_features.TestPlanEditor" name="test_auto_clamp_values" time="0.095" /><testcase classname="backend.tests.test_iter8_features.TestNotificationPreferences" name="test_get_defaults_all_true" time="0.453" /><testcase classname="backend.tests.test_iter8_features.TestNotificationPreferences" name="test_put_persists_change" time="0.222" /><testcase classname="backend.tests.test_iter8_features.TestNotificationPreferences" name="test_put_coerces_types_to_bool" time="0.100" /><testcase classname="backend.tests.test_iter8_features.TestWinbackEmail" name="test_emails_test_winback_returns_resend_id" time="0.273" /><testcase classname="backend.tests.test_iter8_features.TestWinbackEmail" name="test_admin_run_dispatcher_returns_winback_key" time="0.113" /><testcase classname="backend.tests.test_iter8_features.TestRegression" name="test_login" time="0.316" /><testcase classname="backend.tests.test_iter8_features.TestRegression" name="test_plans_current_get" time="0.087" /><testcase classname="backend.tests.test_iter8_features.TestRegression" name="test_notifications_settings" time="0.093" /><testcase classname="backend.tests.test_iter8_features.TestRegression" name="test_admin_stats" time="0.100" /><testcase classname="backend.tests.test_iter8_features.TestRegression" name="test_bodyscan_history" time="0.092" /><testcase classname="backend.tests.test_iter8_features.TestRegression" name="test_formcheck_history" time="0.095" /><testcase classname="backend.tests.test_iter8_features.TestRegression" name="test_emails_test_all_templates[welcome]" time="0.283" /><testcase classname="backend.tests.test_iter8_features.TestRegression" name="test_emails_test_all_templates[payment_success]" time="0.284" /><testcase classname="backend.tests.test_iter8_features.TestRegression" name="test_emails_test_all_templates[trial_ending]" time="0.317" /><testcase classname="backend.tests.test_iter8_features.TestRegression" name="test_emails_test_all_templates[streak_reminder]" time="0.254" /><testcase classname="backend.tests.test_iter8_features.TestRegression" name="test_emails_test_all_templates[weekly_summary]" time="0.252" /><testcase classname="backend.tests.test_iter8_features.TestRegression" name="test_sessions_start_admin" time="0.106" /></testsuite></testsuites>