<?xml version="1.0" encoding="utf-8"?><testsuites name="pytest tests"><testsuite name="pytest" errors="0" failures="0" skipped="0" tests="33" time="26.583" timestamp="2026-06-19T07:42:51.144101+00:00" hostname="agent-env-1f7de1f2-b74a-4bb2-84e8-8f814b028e69"><testcase classname="backend.tests.test_refactor_routers.TestNoDuplicateRoutes" name="test_no_duplicate_routes" time="0.004" /><testcase classname="backend.tests.test_refactor_routers.TestCoreEndpoints" name="test_auth_me" time="0.439" /><testcase classname="backend.tests.test_refactor_routers.TestCoreEndpoints" name="test_plans_current" time="0.104" /><testcase classname="backend.tests.test_refactor_routers.TestCoreEndpoints" name="test_sessions_stats" time="0.097" /><testcase classname="backend.tests.test_refactor_routers.TestCoreEndpoints" name="test_coach_insights" time="0.093" /><testcase classname="backend.tests.test_refactor_routers.TestCoreEndpoints" name="test_admin_stats" time="0.099" /><testcase classname="backend.tests.test_refactor_routers.TestCoreEndpoints" name="test_bodyscan_history" time="0.093" /><testcase classname="backend.tests.test_refactor_routers.TestFormCheckRouter" name="test_history_endpoint_via_router" time="0.090" /><testcase classname="backend.tests.test_refactor_routers.TestFormCheckRouter" name="test_history_requires_auth" time="0.100" /><testcase classname="backend.tests.test_refactor_routers.TestFormCheckRouter" name="test_delete_unknown_returns_ok_zero" time="0.092" /><testcase classname="backend.tests.test_refactor_routers.TestFormCheckRouter" name="test_analyze_route_reachable" time="4.857" /><testcase classname="backend.tests.test_refactor_routers.TestPaymentsRouter" name="test_payments_status_unknown_session" time="0.116" /><testcase classname="backend.tests.test_refactor_routers.TestPaymentsRouter" name="test_payments_checkout_requires_auth" time="0.093" /><testcase classname="backend.tests.test_refactor_routers.TestPaymentsRouter" name="test_payments_checkout_invalid_plan" time="0.103" /><testcase classname="backend.tests.test_refactor_routers.TestPaymentsRouter" name="test_webhook_stripe_accepts_unknown_event_no_auth" time="0.112" /><testcase classname="backend.tests.test_refactor_routers.TestPushRouter" name="test_vapid_public_key_no_auth" time="0.103" /><testcase classname="backend.tests.test_refactor_routers.TestPushRouter" name="test_settings_requires_auth" time="0.088" /><testcase classname="backend.tests.test_refactor_routers.TestPushRouter" name="test_settings_for_admin" time="0.093" /><testcase classname="backend.tests.test_refactor_routers.TestPushRouter" name="test_subscribe_update_unsubscribe_lifecycle" time="0.476" /><testcase classname="backend.tests.test_new_features_v5.TestLibraryAssets" name="test_webp_image_served" time="0.105" /><testcase classname="backend.tests.test_new_features_v5.TestLibraryAssets" name="test_png_not_present" time="0.096" /><testcase classname="backend.tests.test_new_features_v5.TestFormCheckGate" name="test_history_blocks_non_premium" time="0.429" /><testcase classname="backend.tests.test_new_features_v5.TestFormCheckGate" name="test_analyze_blocks_non_premium" time="0.105" /><testcase classname="backend.tests.test_new_features_v5.TestFormCheckGate" name="test_history_for_premium" time="0.410" /><testcase classname="backend.tests.test_new_features_v5.TestFormCheckGate" name="test_analyze_no_pose" time="1.890" /><testcase classname="backend.tests.test_new_features_v5.TestBodyScanPlanAdjust" name="test_premium_only" time="15.109" /><testcase classname="backend.tests.test_new_features_v5.TestBodyScanPlanAdjust" name="test_404_on_missing_scan" time="0.165" /><testcase classname="backend.tests.test_new_features_v5.TestPushNotifications" name="test_vapid_public_key" time="0.093" /><testcase classname="backend.tests.test_new_features_v5.TestPushNotifications" name="test_subscribe_and_settings_and_unsubscribe" time="0.473" /><testcase classname="backend.tests.test_new_features_v5.TestPushNotifications" name="test_test_endpoint_no_subs" time="0.097" /><testcase classname="backend.tests.test_new_features_v5.TestPushNotifications" name="test_vapid_requires_no_auth" time="0.088" /><testcase classname="backend.tests.test_new_features_v5.TestPushNotifications" name="test_subscribe_requires_auth" time="0.090" /><testcase classname="backend.tests.test_new_features_v5.TestServiceWorker" name="test_sw_js_served" time="0.091" /></testsuite></testsuites>