<?xml version="1.0" encoding="utf-8"?><testsuites name="pytest tests"><testsuite name="pytest" errors="0" failures="0" skipped="0" tests="14" time="5.249" timestamp="2026-06-19T06:37:26.556453+00:00" hostname="agent-env-1f7de1f2-b74a-4bb2-84e8-8f814b028e69"><testcase classname="backend.tests.test_new_features_v5.TestLibraryAssets" name="test_webp_image_served" time="0.202" /><testcase classname="backend.tests.test_new_features_v5.TestLibraryAssets" name="test_png_not_present" time="0.103" /><testcase classname="backend.tests.test_new_features_v5.TestFormCheckGate" name="test_history_blocks_non_premium" time="0.483" /><testcase classname="backend.tests.test_new_features_v5.TestFormCheckGate" name="test_analyze_blocks_non_premium" time="0.115" /><testcase classname="backend.tests.test_new_features_v5.TestFormCheckGate" name="test_history_for_premium" time="0.452" /><testcase classname="backend.tests.test_new_features_v5.TestFormCheckGate" name="test_analyze_no_pose" time="2.501" /><testcase classname="backend.tests.test_new_features_v5.TestBodyScanPlanAdjust" name="test_premium_only" time="0.097" /><testcase classname="backend.tests.test_new_features_v5.TestBodyScanPlanAdjust" name="test_404_on_missing_scan" time="0.093" /><testcase classname="backend.tests.test_new_features_v5.TestPushNotifications" name="test_vapid_public_key" time="0.094" /><testcase classname="backend.tests.test_new_features_v5.TestPushNotifications" name="test_subscribe_and_settings_and_unsubscribe" time="0.567" /><testcase classname="backend.tests.test_new_features_v5.TestPushNotifications" name="test_test_endpoint_no_subs" time="0.099" /><testcase classname="backend.tests.test_new_features_v5.TestPushNotifications" name="test_vapid_requires_no_auth" time="0.132" /><testcase classname="backend.tests.test_new_features_v5.TestPushNotifications" name="test_subscribe_requires_auth" time="0.104" /><testcase classname="backend.tests.test_new_features_v5.TestServiceWorker" name="test_sw_js_served" time="0.113" /></testsuite></testsuites>