<?xml version="1.0" encoding="utf-8"?><testsuites name="pytest tests"><testsuite name="pytest" errors="0" failures="0" skipped="0" tests="24" time="34.529" timestamp="2026-06-14T00:41:45.335251+00:00" hostname="agent-env-1f7de1f2-b74a-4bb2-84e8-8f814b028e69"><testcase classname="backend.tests.backend_test.TestAuth" name="test_register_and_login" time="0.472" /><testcase classname="backend.tests.backend_test.TestAuth" name="test_me" time="0.045" /><testcase classname="backend.tests.backend_test.TestAuth" name="test_login_admin" time="0.269" /><testcase classname="backend.tests.backend_test.TestAuth" name="test_login_invalid" time="0.042" /><testcase classname="backend.tests.backend_test.TestAuth" name="test_me_no_token" time="0.043" /><testcase classname="backend.tests.backend_test.TestOnboardingAndPlan" name="test_onboarding_creates_plan" time="15.637" /><testcase classname="backend.tests.backend_test.TestOnboardingAndPlan" name="test_plans_current" time="0.047" /><testcase classname="backend.tests.backend_test.TestOnboardingAndPlan" name="test_me_after_onboarding" time="0.045" /><testcase classname="backend.tests.backend_test.TestSessions" name="test_start_session" time="0.046" /><testcase classname="backend.tests.backend_test.TestSessions" name="test_start_session_resume" time="0.045" /><testcase classname="backend.tests.backend_test.TestSessions" name="test_get_active" time="0.043" /><testcase classname="backend.tests.backend_test.TestSessions" name="test_log_set" time="0.044" /><testcase classname="backend.tests.backend_test.TestSessions" name="test_update_progress" time="0.044" /><testcase classname="backend.tests.backend_test.TestSessions" name="test_complete_session" time="0.044" /><testcase classname="backend.tests.backend_test.TestCoach" name="test_chat" time="1.606" /><testcase classname="backend.tests.backend_test.TestCoach" name="test_adjust_plan" time="14.368" /><testcase classname="backend.tests.backend_test.TestPayments" name="test_checkout" time="0.709" /><testcase classname="backend.tests.backend_test.TestPayments" name="test_checkout_invalid_plan" time="0.043" /><testcase classname="backend.tests.backend_test.TestPayments" name="test_payment_status" time="0.240" /><testcase classname="backend.tests.backend_test.TestAdmin" name="test_admin_stats" time="0.046" /><testcase classname="backend.tests.backend_test.TestAdmin" name="test_admin_members" time="0.042" /><testcase classname="backend.tests.backend_test.TestAdmin" name="test_admin_grant_revoke_premium" time="0.139" /><testcase classname="backend.tests.backend_test.TestAdmin" name="test_non_admin_forbidden" time="0.043" /><testcase classname="backend.tests.backend_test.TestAdmin" name="test_admin_delete_member" time="0.355" /></testsuite></testsuites>