<?xml version="1.0" encoding="utf-8"?><testsuites name="pytest tests"><testsuite name="pytest" errors="0" failures="0" skipped="0" tests="33" time="9.043" timestamp="2026-06-19T07:25:16.587751+00:00" hostname="agent-env-1f7de1f2-b74a-4bb2-84e8-8f814b028e69"><testcase classname="backend.tests.test_new_features_v5.TestLibraryAssets" name="test_webp_image_served" time="0.168" /><testcase classname="backend.tests.test_new_features_v5.TestLibraryAssets" name="test_png_not_present" time="0.097" /><testcase classname="backend.tests.test_new_features_v5.TestFormCheckGate" name="test_history_blocks_non_premium" time="0.426" /><testcase classname="backend.tests.test_new_features_v5.TestFormCheckGate" name="test_analyze_blocks_non_premium" time="0.110" /><testcase classname="backend.tests.test_new_features_v5.TestFormCheckGate" name="test_history_for_premium" time="0.427" /><testcase classname="backend.tests.test_new_features_v5.TestFormCheckGate" name="test_analyze_no_pose" time="1.703" /><testcase classname="backend.tests.test_new_features_v5.TestBodyScanPlanAdjust" name="test_premium_only" time="0.099" /><testcase classname="backend.tests.test_new_features_v5.TestBodyScanPlanAdjust" name="test_404_on_missing_scan" time="0.090" /><testcase classname="backend.tests.test_new_features_v5.TestPushNotifications" name="test_vapid_public_key" time="0.091" /><testcase classname="backend.tests.test_new_features_v5.TestPushNotifications" name="test_subscribe_and_settings_and_unsubscribe" time="0.488" /><testcase classname="backend.tests.test_new_features_v5.TestPushNotifications" name="test_test_endpoint_no_subs" time="0.094" /><testcase classname="backend.tests.test_new_features_v5.TestPushNotifications" name="test_vapid_requires_no_auth" time="0.092" /><testcase classname="backend.tests.test_new_features_v5.TestPushNotifications" name="test_subscribe_requires_auth" time="0.092" /><testcase classname="backend.tests.test_new_features_v5.TestServiceWorker" name="test_sw_js_served" time="0.100" /><testcase classname="backend.tests.test_refactor_routers.TestNoDuplicateRoutes" name="test_no_duplicate_routes" time="0.004" /><testcase classname="backend.tests.test_refactor_routers.TestCoreEndpoints" name="test_auth_me" time="0.430" /><testcase classname="backend.tests.test_refactor_routers.TestCoreEndpoints" name="test_plans_current" time="0.101" /><testcase classname="backend.tests.test_refactor_routers.TestCoreEndpoints" name="test_sessions_stats" time="0.100" /><testcase classname="backend.tests.test_refactor_routers.TestCoreEndpoints" name="test_coach_insights" time="0.102" /><testcase classname="backend.tests.test_refactor_routers.TestCoreEndpoints" name="test_admin_stats" time="0.106" /><testcase classname="backend.tests.test_refactor_routers.TestCoreEndpoints" name="test_bodyscan_history" time="0.092" /><testcase classname="backend.tests.test_refactor_routers.TestFormCheckRouter" name="test_history_endpoint_via_router" time="0.129" /><testcase classname="backend.tests.test_refactor_routers.TestFormCheckRouter" name="test_history_requires_auth" time="0.092" /><testcase classname="backend.tests.test_refactor_routers.TestFormCheckRouter" name="test_delete_unknown_returns_ok_zero" time="0.099" /><testcase classname="backend.tests.test_refactor_routers.TestFormCheckRouter" name="test_analyze_route_reachable" time="2.468" /><testcase classname="backend.tests.test_refactor_routers.TestPaymentsRouter" name="test_payments_status_unknown_session" time="0.096" /><testcase classname="backend.tests.test_refactor_routers.TestPaymentsRouter" name="test_payments_checkout_requires_auth" time="0.096" /><testcase classname="backend.tests.test_refactor_routers.TestPaymentsRouter" name="test_payments_checkout_invalid_plan" time="0.098" /><testcase classname="backend.tests.test_refactor_routers.TestPaymentsRouter" name="test_webhook_stripe_accepts_unknown_event_no_auth" time="0.098" /><testcase classname="backend.tests.test_refactor_routers.TestPushRouter" name="test_vapid_public_key_no_auth" time="0.092" /><testcase classname="backend.tests.test_refactor_routers.TestPushRouter" name="test_settings_requires_auth" time="0.092" /><testcase classname="backend.tests.test_refactor_routers.TestPushRouter" name="test_settings_for_admin" time="0.101" /><testcase classname="backend.tests.test_refactor_routers.TestPushRouter" name="test_subscribe_update_unsubscribe_lifecycle" time="0.479" /></testsuite></testsuites>