<?xml version="1.0" encoding="utf-8"?><testsuites name="pytest tests"><testsuite name="pytest" errors="0" failures="0" skipped="0" tests="23" time="24.605" timestamp="2026-06-14T02:36:47.504597+00:00" hostname="agent-env-1f7de1f2-b74a-4bb2-84e8-8f814b028e69"><testcase classname="backend.tests.test_new_features" name="test_heartbeat_updates_last_active" time="0.601" /><testcase classname="backend.tests.test_new_features" name="test_admin_online_contains_recent_user" time="0.370" /><testcase classname="backend.tests.test_new_features" name="test_non_admin_cannot_access_admin_online" time="0.050" /><testcase classname="backend.tests.test_new_features" name="test_admin_activity_feed_has_register_event" time="0.047" /><testcase classname="backend.tests.test_new_features" name="test_admin_activity_contains_onboarding_and_workout" time="17.857" /><testcase classname="backend.tests.test_new_features" name="test_sessions_stats_returns_keys" time="0.054" /><testcase classname="backend.tests.test_new_features" name="test_progression_suggestion_after_one_session" time="0.051" /><testcase classname="backend.tests.test_new_features" name="test_progression_suggestion_no_history_for_other_day" time="0.051" /><testcase classname="backend.tests.test_new_features" name="test_first_workout_badge_awarded" time="0.050" /><testcase classname="backend.tests.test_new_features" name="test_support_my_tickets" time="0.117" /><testcase classname="backend.tests.test_new_features" name="test_admin_tickets_list" time="0.054" /><testcase classname="backend.tests.test_new_features" name="test_admin_respond_ticket" time="0.103" /><testcase classname="backend.tests.test_new_features" name="test_admin_delete_ticket" time="0.104" /><testcase classname="backend.tests.test_new_features" name="test_non_admin_cannot_access_tickets_list" time="0.050" /><testcase classname="backend.tests.test_new_features" name="test_nutrition_today_empty_returns_goals" time="0.050" /><testcase classname="backend.tests.test_new_features" name="test_nutrition_today_after_log" time="0.111" /><testcase classname="backend.tests.test_new_features" name="test_nutrition_history" time="0.058" /><testcase classname="backend.tests.test_new_features" name="test_nutrition_delete" time="0.052" /><testcase classname="backend.tests.test_new_features" name="test_nutrition_analyze_vision" time="2.767" /><testcase classname="backend.tests.test_new_features" name="test_coach_chat_smoke" time="0.934" /><testcase classname="backend.tests.test_new_features" name="test_stripe_checkout_session_creates" time="0.723" /><testcase classname="backend.tests.test_new_features" name="test_admin_stats_has_online_and_revenue" time="0.051" /><testcase classname="backend.tests.test_new_features" name="test_cleanup_delete_test_user" time="0.054" /></testsuite></testsuites>