<?xml version="1.0" encoding="utf-8"?><testsuites name="pytest tests"><testsuite name="pytest" errors="0" failures="0" skipped="0" tests="42" time="40.915" timestamp="2026-06-19T07:42:03.422560+00:00" hostname="agent-env-1f7de1f2-b74a-4bb2-84e8-8f814b028e69"><testcase classname="backend.tests.test_phase2_routers.TestPhase2NoDuplicates" name="test_all_phase2_routes_registered_once" time="0.018" /><testcase classname="backend.tests.test_phase2_routers.TestCoachRouter" name="test_insights_admin" time="0.459" /><testcase classname="backend.tests.test_phase2_routers.TestCoachRouter" name="test_chat_history_admin" time="0.092" /><testcase classname="backend.tests.test_phase2_routers.TestCoachRouter" name="test_chat_route_reachable" time="0.095" /><testcase classname="backend.tests.test_phase2_routers.TestCoachRouter" name="test_generate_plan_route_reachable" time="33.071" /><testcase classname="backend.tests.test_phase2_routers.TestCoachRouter" name="test_adjust_plan_sync_reachable" time="0.428" /><testcase classname="backend.tests.test_phase2_routers.TestCoachRouter" name="test_adjust_plan_async_start_and_status" time="0.196" /><testcase classname="backend.tests.test_phase2_routers.TestCoachRouter" name="test_chat_requires_auth" time="0.098" /><testcase classname="backend.tests.test_phase2_routers.TestSessionsRouter" name="test_plans_current" time="0.096" /><testcase classname="backend.tests.test_phase2_routers.TestSessionsRouter" name="test_sessions_stats" time="0.103" /><testcase classname="backend.tests.test_phase2_routers.TestSessionsRouter" name="test_sessions_history" time="0.100" /><testcase classname="backend.tests.test_phase2_routers.TestSessionsRouter" name="test_sessions_active" time="0.095" /><testcase classname="backend.tests.test_phase2_routers.TestSessionsRouter" name="test_sessions_suggestion_route_exists" time="0.112" /><testcase classname="backend.tests.test_phase2_routers.TestSessionsRouter" name="test_start_log_complete_route_reachability" time="0.399" /><testcase classname="backend.tests.test_phase2_routers.TestSessionsRouter" name="test_sessions_stats_requires_auth" time="0.094" /><testcase classname="backend.tests.test_phase2_routers.TestNutritionRouter" name="test_today" time="0.109" /><testcase classname="backend.tests.test_phase2_routers.TestNutritionRouter" name="test_history" time="0.098" /><testcase classname="backend.tests.test_phase2_routers.TestNutritionRouter" name="test_analyze_route_reachable_no_real_call" time="0.096" /><testcase classname="backend.tests.test_phase2_routers.TestNutritionRouter" name="test_log_then_today_then_delete_lifecycle" time="0.096" /><testcase classname="backend.tests.test_phase2_routers.TestNutritionRouter" name="test_today_requires_auth" time="0.101" /><testcase classname="backend.tests.test_phase2_routers.TestBodyScanRouter" name="test_history_admin" time="0.102" /><testcase classname="backend.tests.test_phase2_routers.TestBodyScanRouter" name="test_weight_trend_admin" time="0.095" /><testcase classname="backend.tests.test_phase2_routers.TestBodyScanRouter" name="test_analyze_premium_gate_for_free_user" time="0.423" /><testcase classname="backend.tests.test_phase2_routers.TestBodyScanRouter" name="test_analyze_route_reachable_for_admin" time="1.789" /><testcase classname="backend.tests.test_phase2_routers.TestBodyScanRouter" name="test_get_unknown_scan_404" time="0.102" /><testcase classname="backend.tests.test_phase2_routers.TestBodyScanRouter" name="test_suggest_plan_adjustment_route_exists" time="0.102" /><testcase classname="backend.tests.test_phase2_routers.TestBodyScanRouter" name="test_history_requires_auth" time="0.093" /><testcase classname="backend.tests.test_phase2_routers.TestAdminRouter" name="test_admin_stats" time="0.094" /><testcase classname="backend.tests.test_phase2_routers.TestAdminRouter" name="test_admin_members" time="0.113" /><testcase classname="backend.tests.test_phase2_routers.TestAdminRouter" name="test_admin_online" time="0.098" /><testcase classname="backend.tests.test_phase2_routers.TestAdminRouter" name="test_admin_activity" time="0.095" /><testcase classname="backend.tests.test_phase2_routers.TestAdminRouter" name="test_admin_tickets" time="0.091" /><testcase classname="backend.tests.test_phase2_routers.TestAdminRouter" name="test_admin_gate_blocks_non_admin" time="0.290" /><testcase classname="backend.tests.test_phase2_routers.TestAdminRouter" name="test_admin_delete_member_non_admin_blocked" time="0.091" /><testcase classname="backend.tests.test_phase2_routers.TestAdminRouter" name="test_admin_premium_ops_route_reachable" time="0.190" /><testcase classname="backend.tests.test_phase2_routers.TestSupportRouter" name="test_support_info_admin" time="0.091" /><testcase classname="backend.tests.test_phase2_routers.TestSupportRouter" name="test_support_my_tickets_admin" time="0.104" /><testcase classname="backend.tests.test_phase2_routers.TestSupportRouter" name="test_ticket_lifecycle_user_creates_admin_responds_then_deletes" time="0.490" /><testcase classname="backend.tests.test_phase2_routers.TestSupportRouter" name="test_support_ticket_requires_auth" time="0.096" /><testcase classname="backend.tests.test_phase2_routers.TestCoreUntouched" name="test_auth_me" time="0.097" /><testcase classname="backend.tests.test_phase2_routers.TestCoreUntouched" name="test_auth_heartbeat" time="0.095" /><testcase classname="backend.tests.test_phase2_routers.TestCoreUntouched" name="test_auth_login_invalid" time="0.104" /></testsuite></testsuites>