<?xml version="1.0" encoding="utf-8"?><testsuites name="pytest tests"><testsuite name="pytest" errors="0" failures="1" skipped="0" tests="70" time="77.552" timestamp="2026-07-04T00:21:14.984512+00:00" hostname="agent-env-1f7de1f2-b74a-4bb2-84e8-8f814b028e69"><testcase classname="backend.tests.test_challenges.TestCreateChallenge" name="test_create_solo_active" time="0.572" /><testcase classname="backend.tests.test_challenges.TestCreateChallenge" name="test_create_with_friend_invite" time="0.622" /><testcase classname="backend.tests.test_challenges.TestCreateChallenge" name="test_create_with_non_friend_400" time="0.478" /><testcase classname="backend.tests.test_challenges.TestCreateChallenge" name="test_create_validation[bad0]" time="0.111" /><testcase classname="backend.tests.test_challenges.TestCreateChallenge" name="test_create_validation[bad1]" time="0.123" /><testcase classname="backend.tests.test_challenges.TestCreateChallenge" name="test_create_validation[bad2]" time="0.103" /><testcase classname="backend.tests.test_challenges.TestCreateChallenge" name="test_create_validation[bad3]" time="0.098" /><testcase classname="backend.tests.test_challenges.TestListChallenges" name="test_list_active_includes_created" time="0.293" /><testcase classname="backend.tests.test_challenges.TestListChallenges" name="test_invitee_sees_in_invited_tab" time="0.203" /><testcase classname="backend.tests.test_challenges.TestDetail" name="test_detail_as_creator" time="0.203" /><testcase classname="backend.tests.test_challenges.TestDetail" name="test_detail_non_participant_403" time="0.197" /><testcase classname="backend.tests.test_challenges.TestLifecycle" name="test_accept_moves_invitee_to_participants" time="0.304" /><testcase classname="backend.tests.test_challenges.TestLifecycle" name="test_decline" time="0.294" /><testcase classname="backend.tests.test_challenges.TestLifecycle" name="test_leave_creator_400" time="0.198" /><testcase classname="backend.tests.test_challenges.TestLifecycle" name="test_leave_participant_ok" time="0.299" /><testcase classname="backend.tests.test_challenges.TestLifecycle" name="test_cancel_only_creator" time="0.402" /><testcase classname="backend.tests.test_challenges" name="test_progress_workouts_metric_counts_completed_sessions" time="0.308" /><testcase classname="backend.tests.test_challenges" name="test_lazy_resolve_when_end_at_past" time="0.223" /><testcase classname="backend.tests.test_plan_adjust_status" name="test_status_no_plan_for_new_user" time="0.334" /><testcase classname="backend.tests.test_plan_adjust_status" name="test_status_returns_required_fields_with_plan" time="0.354" /><testcase classname="backend.tests.test_plan_adjust_status" name="test_status_cooldown_when_recent_adjust" time="0.368" /><testcase classname="backend.tests.test_plan_adjust_status" name="test_status_needs_sessions_when_incomplete_cycle" time="0.381" /><testcase classname="backend.tests.test_phase2_routers.TestPhase2NoDuplicates" name="test_all_phase2_routes_registered_once" time="0.005" /><testcase classname="backend.tests.test_phase2_routers.TestCoachRouter" name="test_insights_admin" time="0.452" /><testcase classname="backend.tests.test_phase2_routers.TestCoachRouter" name="test_chat_history_admin" time="0.100" /><testcase classname="backend.tests.test_phase2_routers.TestCoachRouter" name="test_chat_route_reachable" time="0.108" /><testcase classname="backend.tests.test_phase2_routers.TestCoachRouter" name="test_generate_plan_route_reachable" time="22.587" /><testcase classname="backend.tests.test_phase2_routers.TestCoachRouter" name="test_adjust_plan_sync_reachable" time="28.657" /><testcase classname="backend.tests.test_phase2_routers.TestCoachRouter" name="test_adjust_plan_async_start_and_status" time="0.266" /><testcase classname="backend.tests.test_phase2_routers.TestCoachRouter" name="test_chat_requires_auth" time="0.099" /><testcase classname="backend.tests.test_phase2_routers.TestSessionsRouter" name="test_plans_current" time="0.100" /><testcase classname="backend.tests.test_phase2_routers.TestSessionsRouter" name="test_sessions_stats" time="0.099" /><testcase classname="backend.tests.test_phase2_routers.TestSessionsRouter" name="test_sessions_history" time="0.100" /><testcase classname="backend.tests.test_phase2_routers.TestSessionsRouter" name="test_sessions_active" time="0.104" /><testcase classname="backend.tests.test_phase2_routers.TestSessionsRouter" name="test_sessions_suggestion_route_exists" time="0.095" /><testcase classname="backend.tests.test_phase2_routers.TestSessionsRouter" name="test_start_log_complete_route_reachability" time="0.404" /><testcase classname="backend.tests.test_phase2_routers.TestSessionsRouter" name="test_sessions_stats_requires_auth" time="0.113" /><testcase classname="backend.tests.test_phase2_routers.TestNutritionRouter" name="test_today" time="0.107" /><testcase classname="backend.tests.test_phase2_routers.TestNutritionRouter" name="test_history" time="0.126" /><testcase classname="backend.tests.test_phase2_routers.TestNutritionRouter" name="test_analyze_route_reachable_no_real_call" time="0.109" /><testcase classname="backend.tests.test_phase2_routers.TestNutritionRouter" name="test_log_then_today_then_delete_lifecycle" time="0.093" /><testcase classname="backend.tests.test_phase2_routers.TestNutritionRouter" name="test_today_requires_auth" time="0.095" /><testcase classname="backend.tests.test_phase2_routers.TestBodyScanRouter" name="test_history_admin" time="0.094" /><testcase classname="backend.tests.test_phase2_routers.TestBodyScanRouter" name="test_weight_trend_admin" time="0.099" /><testcase classname="backend.tests.test_phase2_routers.TestBodyScanRouter" name="test_analyze_premium_gate_for_free_user" time="0.434" /><testcase classname="backend.tests.test_phase2_routers.TestBodyScanRouter" name="test_analyze_route_reachable_for_admin" time="2.218" /><testcase classname="backend.tests.test_phase2_routers.TestBodyScanRouter" name="test_get_unknown_scan_404" time="0.098" /><testcase classname="backend.tests.test_phase2_routers.TestBodyScanRouter" name="test_suggest_plan_adjustment_route_exists" time="0.095" /><testcase classname="backend.tests.test_phase2_routers.TestBodyScanRouter" name="test_history_requires_auth" time="0.095" /><testcase classname="backend.tests.test_phase2_routers.TestAdminRouter" name="test_admin_stats" time="0.126" /><testcase classname="backend.tests.test_phase2_routers.TestAdminRouter" name="test_admin_members" time="0.113" /><testcase classname="backend.tests.test_phase2_routers.TestAdminRouter" name="test_admin_online" time="0.096" /><testcase classname="backend.tests.test_phase2_routers.TestAdminRouter" name="test_admin_activity" time="0.098" /><testcase classname="backend.tests.test_phase2_routers.TestAdminRouter" name="test_admin_tickets" time="0.099" /><testcase classname="backend.tests.test_phase2_routers.TestAdminRouter" name="test_admin_gate_blocks_non_admin" time="0.305" /><testcase classname="backend.tests.test_phase2_routers.TestAdminRouter" name="test_admin_delete_member_non_admin_blocked" time="0.094" /><testcase classname="backend.tests.test_phase2_routers.TestAdminRouter" name="test_admin_premium_ops_route_reachable" time="0.194" /><testcase classname="backend.tests.test_phase2_routers.TestSupportRouter" name="test_support_info_admin" time="0.098" /><testcase classname="backend.tests.test_phase2_routers.TestSupportRouter" name="test_support_my_tickets_admin" time="0.095" /><testcase classname="backend.tests.test_phase2_routers.TestSupportRouter" name="test_ticket_lifecycle_user_creates_admin_responds_then_deletes" time="0.496" /><testcase classname="backend.tests.test_phase2_routers.TestSupportRouter" name="test_support_ticket_requires_auth" time="0.099" /><testcase classname="backend.tests.test_phase2_routers.TestCoreUntouched" name="test_auth_me" time="0.097" /><testcase classname="backend.tests.test_phase2_routers.TestCoreUntouched" name="test_auth_heartbeat" time="0.113" /><testcase classname="backend.tests.test_phase2_routers.TestCoreUntouched" name="test_auth_login_invalid" time="0.096" /><testcase classname="backend.tests.test_plan_adjust_bugfix" name="test_admin_login" time="0.331" /><testcase classname="backend.tests.test_plan_adjust_bugfix" name="test_stale_orphaned_job_marked_error" time="0.003" /><testcase classname="backend.tests.test_plan_adjust_bugfix" name="test_plans_current_version_ge_3" time="0.103"><failure message="AssertionError: expected version&gt;=3, got 2&#10;assert 2 &gt;= 3">backend/tests/test_plan_adjust_bugfix.py:67: in test_plans_current_version_ge_3
    assert plan["version"] &gt;= 3, f"expected version&gt;=3, got {plan['version']}"
E   AssertionError: expected version&gt;=3, got 2
E   assert 2 &gt;= 3</failure></testcase><testcase classname="backend.tests.test_plan_adjust_bugfix" name="test_plan_adjust_status_response" time="0.111" /><testcase classname="backend.tests.test_plan_adjust_bugfix" name="test_adjust_start_dedup_returns_same_job" time="0.201" /><testcase classname="backend.tests.test_plan_adjust_bugfix" name="test_adjust_job_completes_and_bumps_version" time="10.916" /></testsuite></testsuites>